<?xml version="1.0" encoding="UTF-8"?>
<testng-results ignored="0" total="2" passed="2" failed="0" skipped="0">
  <reporter-output>
  </reporter-output>
  <suite started-at="2025-07-07T18:57:18 CST" name="WebUITests" finished-at="2025-07-07T18:57:26 CST" duration-ms="8160">
    <groups>
    </groups>
    <test started-at="2025-07-07T18:57:18 CST" name="LoginTests" finished-at="2025-07-07T18:57:26 CST" duration-ms="8160">
      <class name="Tests.LogInTest">
        <test-method is-config="true" signature="setUp()[pri:0, instance:Tests.LogInTest@7674f035]" started-at="2025-07-07T18:57:18 CST" name="setUp" finished-at="2025-07-07T18:57:19 CST" duration-ms="1569" status="PASS">
          <reporter-output>
          </reporter-output>
        </test-method> <!-- setUp -->
        <test-method signature="invalidLogInTest()[pri:0, instance:Tests.LogInTest@7674f035]" started-at="2025-07-07T18:57:20 CST" name="invalidLogInTest" description="Verify login with invalid credentials" finished-at="2025-07-07T18:57:20 CST" duration-ms="145" status="PASS">
          <reporter-output>
          </reporter-output>
        </test-method> <!-- invalidLogInTest -->
        <test-method is-config="true" signature="tearDown()[pri:0, instance:Tests.LogInTest@7674f035]" started-at="2025-07-07T18:57:20 CST" name="tearDown" finished-at="2025-07-07T18:57:20 CST" duration-ms="200" status="PASS">
          <reporter-output>
          </reporter-output>
        </test-method> <!-- tearDown -->
        <test-method is-config="true" signature="setUp()[pri:0, instance:Tests.LogInTest@7674f035]" started-at="2025-07-07T18:57:20 CST" name="setUp" finished-at="2025-07-07T18:57:21 CST" duration-ms="807" status="PASS">
          <reporter-output>
          </reporter-output>
        </test-method> <!-- setUp -->
        <test-method signature="validLoginTest()[pri:0, instance:Tests.LogInTest@7674f035]" started-at="2025-07-07T18:57:21 CST" name="validLoginTest" description="Verify User with credentials" finished-at="2025-07-07T18:57:26 CST" duration-ms="5071" status="PASS">
          <reporter-output>
          </reporter-output>
        </test-method> <!-- validLoginTest -->
        <test-method is-config="true" signature="tearDown()[pri:0, instance:Tests.LogInTest@7674f035]" started-at="2025-07-07T18:57:26 CST" name="tearDown" finished-at="2025-07-07T18:57:26 CST" duration-ms="149" status="PASS">
          <reporter-output>
          </reporter-output>
        </test-method> <!-- tearDown -->
      </class> <!-- Tests.LogInTest -->
    </test> <!-- LoginTests -->
  </suite> <!-- WebUITests -->
</testng-results>
